[2025-05-29 05:52:47Z INFO HostContext] No proxy settings were found based on environmental variables (http_proxy/https_proxy/HTTP_PROXY/HTTPS_PROXY)
[2025-05-29 05:52:47Z INFO HostContext] Well known directory 'Bin': 'D:\6th sem\training\DSA\python\actions-runner\bin'
[2025-05-29 05:52:47Z INFO HostContext] Well known directory 'Root': 'D:\6th sem\training\DSA\python\actions-runner'
[2025-05-29 05:52:47Z INFO HostContext] Well known config file 'Credentials': 'D:\6th sem\training\DSA\python\actions-runner\.credentials'
[2025-05-29 05:52:48Z INFO HostContext] Well known directory 'Bin': 'D:\6th sem\training\DSA\python\actions-runner\bin'
[2025-05-29 05:52:48Z INFO HostContext] Well known directory 'Root': 'D:\6th sem\training\DSA\python\actions-runner'
[2025-05-29 05:52:48Z INFO HostContext] Well known config file 'Runner': 'D:\6th sem\training\DSA\python\actions-runner\.runner'
[2025-05-29 05:52:48Z INFO Listener] Runner is built for Windows (X64) - win-x64.
[2025-05-29 05:52:48Z INFO Listener] RuntimeInformation: Microsoft Windows 10.0.26100.
[2025-05-29 05:52:48Z INFO Listener] Version: 2.324.0
[2025-05-29 05:52:48Z INFO Listener] Commit: da3412efd49b1cf1a0fbdcbcee4e4ac4cc2177c8
[2025-05-29 05:52:48Z INFO Listener] Culture: en-IN
[2025-05-29 05:52:48Z INFO Listener] UI Culture: en-US
[2025-05-29 05:52:48Z INFO HostContext] Well known directory 'Bin': 'D:\6th sem\training\DSA\python\actions-runner\bin'
[2025-05-29 05:52:48Z INFO HostContext] Well known directory 'Root': 'D:\6th sem\training\DSA\python\actions-runner'
[2025-05-29 05:52:48Z INFO Listener] Validating directory permissions for: 'D:\6th sem\training\DSA\python\actions-runner'
[2025-05-29 05:52:48Z INFO CommandLineParser] Parse
[2025-05-29 05:52:48Z INFO CommandLineParser] Parsing 1 args
[2025-05-29 05:52:48Z INFO CommandLineParser] parsing argument
[2025-05-29 05:52:48Z INFO CommandLineParser] HasArgs: False
[2025-05-29 05:52:48Z INFO CommandLineParser] Adding Command: run
[2025-05-29 05:52:48Z INFO Listener] Arguments parsed
[2025-05-29 05:52:48Z INFO Runner] ExecuteCommand
[2025-05-29 05:52:48Z INFO ConfigurationStore] currentAssemblyLocation: D:\6th sem\training\DSA\python\actions-runner\bin\Runner.Listener.dll
[2025-05-29 05:52:48Z INFO HostContext] Well known directory 'Bin': 'D:\6th sem\training\DSA\python\actions-runner\bin'
[2025-05-29 05:52:48Z INFO ConfigurationStore] binPath: D:\6th sem\training\DSA\python\actions-runner\bin
[2025-05-29 05:52:48Z INFO HostContext] Well known directory 'Bin': 'D:\6th sem\training\DSA\python\actions-runner\bin'
[2025-05-29 05:52:48Z INFO HostContext] Well known directory 'Root': 'D:\6th sem\training\DSA\python\actions-runner'
[2025-05-29 05:52:48Z INFO ConfigurationStore] RootFolder: D:\6th sem\training\DSA\python\actions-runner
[2025-05-29 05:52:48Z INFO HostContext] Well known directory 'Bin': 'D:\6th sem\training\DSA\python\actions-runner\bin'
[2025-05-29 05:52:48Z INFO HostContext] Well known directory 'Root': 'D:\6th sem\training\DSA\python\actions-runner'
[2025-05-29 05:52:48Z INFO HostContext] Well known config file 'Runner': 'D:\6th sem\training\DSA\python\actions-runner\.runner'
[2025-05-29 05:52:48Z INFO ConfigurationStore] ConfigFilePath: D:\6th sem\training\DSA\python\actions-runner\.runner
[2025-05-29 05:52:48Z INFO HostContext] Well known directory 'Bin': 'D:\6th sem\training\DSA\python\actions-runner\bin'
[2025-05-29 05:52:48Z INFO HostContext] Well known directory 'Root': 'D:\6th sem\training\DSA\python\actions-runner'
[2025-05-29 05:52:48Z INFO HostContext] Well known config file 'MigratedRunner': 'D:\6th sem\training\DSA\python\actions-runner\.runner_migrated'
[2025-05-29 05:52:48Z INFO ConfigurationStore] MigratedConfigFilePath: D:\6th sem\training\DSA\python\actions-runner\.runner_migrated
[2025-05-29 05:52:48Z INFO HostContext] Well known directory 'Bin': 'D:\6th sem\training\DSA\python\actions-runner\bin'
[2025-05-29 05:52:48Z INFO HostContext] Well known directory 'Root': 'D:\6th sem\training\DSA\python\actions-runner'
[2025-05-29 05:52:48Z INFO HostContext] Well known config file 'Credentials': 'D:\6th sem\training\DSA\python\actions-runner\.credentials'
[2025-05-29 05:52:48Z INFO ConfigurationStore] CredFilePath: D:\6th sem\training\DSA\python\actions-runner\.credentials
[2025-05-29 05:52:48Z INFO HostContext] Well known directory 'Bin': 'D:\6th sem\training\DSA\python\actions-runner\bin'
[2025-05-29 05:52:48Z INFO HostContext] Well known directory 'Root': 'D:\6th sem\training\DSA\python\actions-runner'
[2025-05-29 05:52:48Z INFO HostContext] Well known config file 'MigratedCredentials': 'D:\6th sem\training\DSA\python\actions-runner\.credentials_migrated'
[2025-05-29 05:52:48Z INFO ConfigurationStore] MigratedCredFilePath: D:\6th sem\training\DSA\python\actions-runner\.credentials_migrated
[2025-05-29 05:52:48Z INFO HostContext] Well known directory 'Bin': 'D:\6th sem\training\DSA\python\actions-runner\bin'
[2025-05-29 05:52:48Z INFO HostContext] Well known directory 'Root': 'D:\6th sem\training\DSA\python\actions-runner'
[2025-05-29 05:52:48Z INFO HostContext] Well known config file 'Service': 'D:\6th sem\training\DSA\python\actions-runner\.service'
[2025-05-29 05:52:48Z INFO ConfigurationStore] ServiceConfigFilePath: D:\6th sem\training\DSA\python\actions-runner\.service
[2025-05-29 05:52:48Z INFO CommandSettings] Flag 'help': 'False'
[2025-05-29 05:52:48Z INFO CommandSettings] Flag 'version': 'False'
[2025-05-29 05:52:48Z INFO CommandSettings] Flag 'commit': 'False'
[2025-05-29 05:52:48Z INFO CommandSettings] Flag 'check': 'False'
[2025-05-29 05:52:48Z INFO CommandSettings] Command 'configure': 'False'
[2025-05-29 05:52:48Z INFO CommandSettings] Command 'remove': 'False'
[2025-05-29 05:52:48Z INFO CommandSettings] Command 'warmup': 'False'
[2025-05-29 05:52:48Z INFO ConfigurationManager] LoadSettings
[2025-05-29 05:52:48Z INFO ConfigurationStore] IsConfigured()
[2025-05-29 05:52:48Z INFO ConfigurationStore] IsConfigured: True
[2025-05-29 05:52:48Z INFO ConfigurationManager] Is configured: True
[2025-05-29 05:52:48Z INFO ConfigurationStore] Read setting file: 299 chars
[2025-05-29 05:52:48Z INFO ConfigurationManager] Settings Loaded
[2025-05-29 05:52:48Z INFO ConfigurationStore] IsServiceConfigured()
[2025-05-29 05:52:48Z INFO ConfigurationStore] IsServiceConfigured: False
[2025-05-29 05:52:48Z INFO CommandSettings] Command 'run': 'True'
[2025-05-29 05:52:48Z INFO ConfigurationStore] IsConfigured()
[2025-05-29 05:52:48Z INFO ConfigurationStore] IsConfigured: True
[2025-05-29 05:52:48Z INFO ConfigurationManager] Is configured: True
[2025-05-29 05:52:48Z INFO Runner] Could not parse the argument value '' for StartupType. Defaulting to Manual
[2025-05-29 05:52:48Z INFO Runner] Set runner startup type - Manual
[2025-05-29 05:52:48Z INFO CommandSettings] Flag 'once': 'False'
[2025-05-29 05:52:48Z INFO CommandSettings] Flag 'once': 'False'
[2025-05-29 05:52:48Z INFO Runner] RunAsync
[2025-05-29 05:52:48Z INFO ConfigurationManager] LoadMigratedSettings
[2025-05-29 05:52:48Z INFO ConfigurationStore] IsMigratedConfigured()
[2025-05-29 05:52:48Z INFO ConfigurationStore] IsMigratedConfigured: False
[2025-05-29 05:52:48Z INFO Runner] Failed to load migrated settings: No migrated configuration found.
[2025-05-29 05:52:48Z INFO Runner] Falling back to original .runner settings
[2025-05-29 05:52:48Z INFO ConfigurationManager] LoadSettings
[2025-05-29 05:52:48Z INFO ConfigurationStore] IsConfigured()
[2025-05-29 05:52:48Z INFO ConfigurationStore] IsConfigured: True
[2025-05-29 05:52:48Z INFO ConfigurationManager] Is configured: True
[2025-05-29 05:52:48Z INFO ConfigurationManager] Settings Loaded
[2025-05-29 05:52:48Z INFO MessageListener] {
  "AgentId": 6,
  "AgentName": "DESKTOP-K63585F",
  "PoolId": 1,
  "PoolName": "Default",
  "ServerUrl": "https://pipelinesghubeus2.actions.githubusercontent.com/oz8zwXTgWMMY8S0bQBrNX8SrQJRltQRauVrvoskr6abfCIfGa6/",
  "GitHubUrl": "https://github.com/C-C-github",
  "WorkFolder": "_work"
}
[2025-05-29 05:52:48Z INFO MessageListener] Loading Credentials
[2025-05-29 05:52:48Z INFO ConfigurationStore] HasCredentials()
[2025-05-29 05:52:48Z INFO ConfigurationStore] stored True
[2025-05-29 05:52:48Z INFO CredentialManager] GetCredentialProvider
[2025-05-29 05:52:48Z INFO CredentialManager] Creating type OAuth
[2025-05-29 05:52:48Z INFO CredentialManager] Creating credential type: OAuth
[2025-05-29 05:52:48Z INFO HostContext] Well known directory 'Bin': 'D:\6th sem\training\DSA\python\actions-runner\bin'
[2025-05-29 05:52:48Z INFO HostContext] Well known directory 'Root': 'D:\6th sem\training\DSA\python\actions-runner'
[2025-05-29 05:52:48Z INFO HostContext] Well known config file 'RSACredentials': 'D:\6th sem\training\DSA\python\actions-runner\.credentials_rsaparams'
[2025-05-29 05:52:48Z INFO RSAEncryptedFileKeyManager] Loading RSA key parameters from file D:\6th sem\training\DSA\python\actions-runner\.credentials_rsaparams
[2025-05-29 05:52:48Z INFO MessageListener] Attempt to create session.
[2025-05-29 05:52:48Z INFO MessageListener] Connecting to the Runner Server...
[2025-05-29 05:52:48Z INFO RunnerServer] EstablishVssConnection
[2025-05-29 05:52:48Z INFO RunnerServer] Establish connection with 100 seconds timeout.
[2025-05-29 05:52:48Z INFO GitHubActionsService] Starting operation Location.GetConnectionData
[2025-05-29 05:52:48Z INFO RunnerServer] EstablishVssConnection
[2025-05-29 05:52:48Z INFO RunnerServer] Establish connection with 60 seconds timeout.
[2025-05-29 05:52:48Z INFO GitHubActionsService] Starting operation Location.GetConnectionData
[2025-05-29 05:52:48Z INFO RunnerServer] EstablishVssConnection
[2025-05-29 05:52:48Z INFO RunnerServer] Establish connection with 60 seconds timeout.
[2025-05-29 05:52:48Z INFO GitHubActionsService] Starting operation Location.GetConnectionData
[2025-05-29 05:52:49Z INFO GitHubActionsService] Finished operation Location.GetConnectionData
[2025-05-29 05:52:49Z INFO GitHubActionsService] Finished operation Location.GetConnectionData
[2025-05-29 05:52:49Z INFO GitHubActionsService] Finished operation Location.GetConnectionData
[2025-05-29 05:52:49Z INFO MessageListener] VssConnection created
[2025-05-29 05:52:49Z INFO Terminal] WRITE LINE: 
[2025-05-29 05:52:49Z INFO Terminal] WRITE LINE: 
[2025-05-29 05:52:49Z INFO RSAEncryptedFileKeyManager] Loading RSA key parameters from file D:\6th sem\training\DSA\python\actions-runner\.credentials_rsaparams
[2025-05-29 05:52:49Z INFO RSAEncryptedFileKeyManager] Loading RSA key parameters from file D:\6th sem\training\DSA\python\actions-runner\.credentials_rsaparams
[2025-05-29 05:52:50Z INFO GitHubActionsService] AAD Correlation ID for this token request: Unknown
[2025-05-29 05:52:51Z INFO MessageListener] Session created.
[2025-05-29 05:52:51Z INFO MessageListener] Registering AuthMigrationChanged event handler.
[2025-05-29 05:52:51Z INFO Terminal] WRITE LINE: Current runner version: '2.324.0'
[2025-05-29 05:52:51Z INFO Terminal] WRITE LINE: 2025-05-29 05:52:51Z: Listening for Jobs
[2025-05-29 05:52:51Z INFO JobDispatcher] Set runner/worker IPC timeout to 30 seconds.
[2025-05-29 05:52:51Z INFO ConfigurationStore] HasCredentials()
[2025-05-29 05:52:51Z INFO ConfigurationStore] stored True
[2025-05-29 05:52:51Z INFO CredentialManager] GetCredentialProvider
[2025-05-29 05:52:51Z INFO CredentialManager] Creating type OAuth
[2025-05-29 05:52:51Z INFO CredentialManager] Creating credential type: OAuth
[2025-05-29 05:52:51Z INFO RSAEncryptedFileKeyManager] Loading RSA key parameters from file D:\6th sem\training\DSA\python\actions-runner\.credentials_rsaparams
[2025-05-29 05:52:51Z INFO RSAEncryptedFileKeyManager] Loading RSA key parameters from file D:\6th sem\training\DSA\python\actions-runner\.credentials_rsaparams
[2025-05-29 05:52:51Z INFO RSAEncryptedFileKeyManager] Loading RSA key parameters from file D:\6th sem\training\DSA\python\actions-runner\.credentials_rsaparams
[2025-05-29 05:52:52Z INFO GitHubActionsService] AAD Correlation ID for this token request: Unknown
[2025-05-29 05:53:44Z INFO ConfigurationStore] HasCredentials()
[2025-05-29 05:53:44Z INFO ConfigurationStore] stored True
[2025-05-29 05:53:44Z INFO CredentialManager] GetCredentialProvider
[2025-05-29 05:53:44Z INFO CredentialManager] Creating type OAuth
[2025-05-29 05:53:44Z INFO CredentialManager] Creating credential type: OAuth
[2025-05-29 05:53:44Z INFO RSAEncryptedFileKeyManager] Loading RSA key parameters from file D:\6th sem\training\DSA\python\actions-runner\.credentials_rsaparams
[2025-05-29 05:54:11Z INFO MessageListener] Message '0' received from session 'e3e06c8e-b57d-4730-84c9-6c81b95ba461'.
[2025-05-29 05:54:11Z INFO Runner] Received ForceTokenRefreshMessage
[2025-05-29 05:54:11Z INFO RunnerServer] Refresh MessageQueue VssConnection to get on a different AFD node.
[2025-05-29 05:54:11Z INFO RunnerServer] EstablishVssConnection
[2025-05-29 05:54:11Z INFO RunnerServer] Establish connection with 60 seconds timeout.
[2025-05-29 05:54:11Z INFO GitHubActionsService] Starting operation Location.GetConnectionData
[2025-05-29 05:54:12Z INFO GitHubActionsService] Finished operation Location.GetConnectionData
[2025-05-29 05:54:12Z INFO ConfigurationStore] HasCredentials()
[2025-05-29 05:54:12Z INFO ConfigurationStore] stored True
[2025-05-29 05:54:12Z INFO CredentialManager] GetCredentialProvider
[2025-05-29 05:54:12Z INFO CredentialManager] Creating type OAuth
[2025-05-29 05:54:12Z INFO CredentialManager] Creating credential type: OAuth
[2025-05-29 05:54:12Z INFO RSAEncryptedFileKeyManager] Loading RSA key parameters from file D:\6th sem\training\DSA\python\actions-runner\.credentials_rsaparams
[2025-05-29 05:54:14Z INFO ConfigurationStore] HasCredentials()
[2025-05-29 05:54:14Z INFO ConfigurationStore] stored True
[2025-05-29 05:54:14Z INFO CredentialManager] GetCredentialProvider
[2025-05-29 05:54:14Z INFO CredentialManager] Creating type OAuth
[2025-05-29 05:54:14Z INFO CredentialManager] Creating credential type: OAuth
[2025-05-29 05:54:14Z INFO RSAEncryptedFileKeyManager] Loading RSA key parameters from file D:\6th sem\training\DSA\python\actions-runner\.credentials_rsaparams
[2025-05-29 05:54:14Z INFO RSAEncryptedFileKeyManager] Loading RSA key parameters from file D:\6th sem\training\DSA\python\actions-runner\.credentials_rsaparams
[2025-05-29 05:54:14Z INFO RSAEncryptedFileKeyManager] Loading RSA key parameters from file D:\6th sem\training\DSA\python\actions-runner\.credentials_rsaparams
[2025-05-29 05:54:15Z INFO GitHubActionsService] AAD Correlation ID for this token request: Unknown
[2025-05-29 05:54:33Z INFO MessageListener] Message '0' received from session 'e3e06c8e-b57d-4730-84c9-6c81b95ba461'.
[2025-05-29 05:54:33Z INFO Runner] Received ForceTokenRefreshMessage
[2025-05-29 05:54:33Z INFO RunnerServer] Refresh MessageQueue VssConnection to get on a different AFD node.
[2025-05-29 05:54:33Z INFO RunnerServer] EstablishVssConnection
[2025-05-29 05:54:33Z INFO RunnerServer] Establish connection with 60 seconds timeout.
[2025-05-29 05:54:33Z INFO GitHubActionsService] Starting operation Location.GetConnectionData
[2025-05-29 05:54:34Z INFO GitHubActionsService] Finished operation Location.GetConnectionData
[2025-05-29 05:54:34Z INFO ConfigurationStore] HasCredentials()
[2025-05-29 05:54:34Z INFO ConfigurationStore] stored True
[2025-05-29 05:54:34Z INFO CredentialManager] GetCredentialProvider
[2025-05-29 05:54:34Z INFO CredentialManager] Creating type OAuth
[2025-05-29 05:54:34Z INFO CredentialManager] Creating credential type: OAuth
[2025-05-29 05:54:34Z INFO RSAEncryptedFileKeyManager] Loading RSA key parameters from file D:\6th sem\training\DSA\python\actions-runner\.credentials_rsaparams
[2025-05-29 05:54:36Z INFO ConfigurationStore] HasCredentials()
[2025-05-29 05:54:36Z INFO ConfigurationStore] stored True
[2025-05-29 05:54:36Z INFO CredentialManager] GetCredentialProvider
[2025-05-29 05:54:36Z INFO CredentialManager] Creating type OAuth
[2025-05-29 05:54:36Z INFO CredentialManager] Creating credential type: OAuth
[2025-05-29 05:54:36Z INFO RSAEncryptedFileKeyManager] Loading RSA key parameters from file D:\6th sem\training\DSA\python\actions-runner\.credentials_rsaparams
[2025-05-29 05:54:36Z INFO RSAEncryptedFileKeyManager] Loading RSA key parameters from file D:\6th sem\training\DSA\python\actions-runner\.credentials_rsaparams
[2025-05-29 05:54:36Z INFO RSAEncryptedFileKeyManager] Loading RSA key parameters from file D:\6th sem\training\DSA\python\actions-runner\.credentials_rsaparams
[2025-05-29 05:54:37Z INFO GitHubActionsService] AAD Correlation ID for this token request: Unknown
[2025-05-29 05:55:28Z INFO ConfigurationStore] HasCredentials()
[2025-05-29 05:55:28Z INFO ConfigurationStore] stored True
[2025-05-29 05:55:28Z INFO CredentialManager] GetCredentialProvider
[2025-05-29 05:55:28Z INFO CredentialManager] Creating type OAuth
[2025-05-29 05:55:28Z INFO CredentialManager] Creating credential type: OAuth
[2025-05-29 05:55:28Z INFO RSAEncryptedFileKeyManager] Loading RSA key parameters from file D:\6th sem\training\DSA\python\actions-runner\.credentials_rsaparams
[2025-05-29 05:56:19Z INFO ConfigurationStore] HasCredentials()
[2025-05-29 05:56:19Z INFO ConfigurationStore] stored True
[2025-05-29 05:56:19Z INFO CredentialManager] GetCredentialProvider
[2025-05-29 05:56:19Z INFO CredentialManager] Creating type OAuth
[2025-05-29 05:56:19Z INFO CredentialManager] Creating credential type: OAuth
[2025-05-29 05:56:19Z INFO RSAEncryptedFileKeyManager] Loading RSA key parameters from file D:\6th sem\training\DSA\python\actions-runner\.credentials_rsaparams
