[2025-05-29 05:51:54Z INFO HostContext] No proxy settings were found based on environmental variables (http_proxy/https_proxy/HTTP_PROXY/HTTPS_PROXY)
[2025-05-29 05:51:54Z INFO HostContext] Well known directory 'Bin': 'D:\6th sem\training\DSA\python\actions-runner\bin'
[2025-05-29 05:51:54Z INFO HostContext] Well known directory 'Root': 'D:\6th sem\training\DSA\python\actions-runner'
[2025-05-29 05:51:54Z INFO HostContext] Well known config file 'Credentials': 'D:\6th sem\training\DSA\python\actions-runner\.credentials'
[2025-05-29 05:51:54Z INFO HostContext] Well known directory 'Bin': 'D:\6th sem\training\DSA\python\actions-runner\bin'
[2025-05-29 05:51:54Z INFO HostContext] Well known directory 'Root': 'D:\6th sem\training\DSA\python\actions-runner'
[2025-05-29 05:51:54Z INFO HostContext] Well known config file 'Runner': 'D:\6th sem\training\DSA\python\actions-runner\.runner'
[2025-05-29 05:51:54Z INFO Listener] Runner is built for Windows (X64) - win-x64.
[2025-05-29 05:51:54Z INFO Listener] RuntimeInformation: Microsoft Windows 10.0.26100.
[2025-05-29 05:51:54Z INFO Listener] Version: 2.324.0
[2025-05-29 05:51:54Z INFO Listener] Commit: da3412efd49b1cf1a0fbdcbcee4e4ac4cc2177c8
[2025-05-29 05:51:54Z INFO Listener] Culture: en-IN
[2025-05-29 05:51:54Z INFO Listener] UI Culture: en-US
[2025-05-29 05:51:54Z INFO HostContext] Well known directory 'Bin': 'D:\6th sem\training\DSA\python\actions-runner\bin'
[2025-05-29 05:51:54Z INFO HostContext] Well known directory 'Root': 'D:\6th sem\training\DSA\python\actions-runner'
[2025-05-29 05:51:54Z INFO Listener] Validating directory permissions for: 'D:\6th sem\training\DSA\python\actions-runner'
[2025-05-29 05:51:54Z INFO CommandLineParser] Parse
[2025-05-29 05:51:54Z INFO CommandLineParser] Parsing 5 args
[2025-05-29 05:51:54Z INFO CommandLineParser] parsing argument
[2025-05-29 05:51:54Z INFO CommandLineParser] HasArgs: False
[2025-05-29 05:51:54Z INFO CommandLineParser] Adding Command: configure
[2025-05-29 05:51:54Z INFO CommandLineParser] parsing argument
[2025-05-29 05:51:54Z INFO CommandLineParser] HasArgs: True
[2025-05-29 05:51:54Z INFO CommandLineParser] arg: url
[2025-05-29 05:51:54Z INFO CommandLineParser] parsing argument
[2025-05-29 05:51:54Z INFO CommandLineParser] HasArgs: True
[2025-05-29 05:51:54Z INFO CommandLineParser] Adding option 'url': 'https://github.com/C-C-github'
[2025-05-29 05:51:54Z INFO CommandLineParser] parsing argument
[2025-05-29 05:51:54Z INFO CommandLineParser] HasArgs: True
[2025-05-29 05:51:54Z INFO CommandLineParser] arg: token
[2025-05-29 05:51:54Z INFO CommandLineParser] parsing argument
[2025-05-29 05:51:54Z INFO CommandLineParser] HasArgs: True
[2025-05-29 05:51:54Z INFO CommandLineParser] Adding option 'token': '***'
[2025-05-29 05:51:54Z INFO Listener] Arguments parsed
[2025-05-29 05:51:54Z INFO Runner] ExecuteCommand
[2025-05-29 05:51:54Z INFO ConfigurationStore] currentAssemblyLocation: D:\6th sem\training\DSA\python\actions-runner\bin\Runner.Listener.dll
[2025-05-29 05:51:54Z INFO HostContext] Well known directory 'Bin': 'D:\6th sem\training\DSA\python\actions-runner\bin'
[2025-05-29 05:51:54Z INFO ConfigurationStore] binPath: D:\6th sem\training\DSA\python\actions-runner\bin
[2025-05-29 05:51:54Z INFO HostContext] Well known directory 'Bin': 'D:\6th sem\training\DSA\python\actions-runner\bin'
[2025-05-29 05:51:54Z INFO HostContext] Well known directory 'Root': 'D:\6th sem\training\DSA\python\actions-runner'
[2025-05-29 05:51:54Z INFO ConfigurationStore] RootFolder: D:\6th sem\training\DSA\python\actions-runner
[2025-05-29 05:51:54Z INFO HostContext] Well known directory 'Bin': 'D:\6th sem\training\DSA\python\actions-runner\bin'
[2025-05-29 05:51:54Z INFO HostContext] Well known directory 'Root': 'D:\6th sem\training\DSA\python\actions-runner'
[2025-05-29 05:51:54Z INFO HostContext] Well known config file 'Runner': 'D:\6th sem\training\DSA\python\actions-runner\.runner'
[2025-05-29 05:51:54Z INFO ConfigurationStore] ConfigFilePath: D:\6th sem\training\DSA\python\actions-runner\.runner
[2025-05-29 05:51:54Z INFO HostContext] Well known directory 'Bin': 'D:\6th sem\training\DSA\python\actions-runner\bin'
[2025-05-29 05:51:54Z INFO HostContext] Well known directory 'Root': 'D:\6th sem\training\DSA\python\actions-runner'
[2025-05-29 05:51:54Z INFO HostContext] Well known config file 'MigratedRunner': 'D:\6th sem\training\DSA\python\actions-runner\.runner_migrated'
[2025-05-29 05:51:54Z INFO ConfigurationStore] MigratedConfigFilePath: D:\6th sem\training\DSA\python\actions-runner\.runner_migrated
[2025-05-29 05:51:54Z INFO HostContext] Well known directory 'Bin': 'D:\6th sem\training\DSA\python\actions-runner\bin'
[2025-05-29 05:51:54Z INFO HostContext] Well known directory 'Root': 'D:\6th sem\training\DSA\python\actions-runner'
[2025-05-29 05:51:54Z INFO HostContext] Well known config file 'Credentials': 'D:\6th sem\training\DSA\python\actions-runner\.credentials'
[2025-05-29 05:51:54Z INFO ConfigurationStore] CredFilePath: D:\6th sem\training\DSA\python\actions-runner\.credentials
[2025-05-29 05:51:54Z INFO HostContext] Well known directory 'Bin': 'D:\6th sem\training\DSA\python\actions-runner\bin'
[2025-05-29 05:51:54Z INFO HostContext] Well known directory 'Root': 'D:\6th sem\training\DSA\python\actions-runner'
[2025-05-29 05:51:54Z INFO HostContext] Well known config file 'MigratedCredentials': 'D:\6th sem\training\DSA\python\actions-runner\.credentials_migrated'
[2025-05-29 05:51:54Z INFO ConfigurationStore] MigratedCredFilePath: D:\6th sem\training\DSA\python\actions-runner\.credentials_migrated
[2025-05-29 05:51:54Z INFO HostContext] Well known directory 'Bin': 'D:\6th sem\training\DSA\python\actions-runner\bin'
[2025-05-29 05:51:54Z INFO HostContext] Well known directory 'Root': 'D:\6th sem\training\DSA\python\actions-runner'
[2025-05-29 05:51:54Z INFO HostContext] Well known config file 'Service': 'D:\6th sem\training\DSA\python\actions-runner\.service'
[2025-05-29 05:51:54Z INFO ConfigurationStore] ServiceConfigFilePath: D:\6th sem\training\DSA\python\actions-runner\.service
[2025-05-29 05:51:54Z INFO CommandSettings] Flag 'help': 'False'
[2025-05-29 05:51:54Z INFO CommandSettings] Flag 'version': 'False'
[2025-05-29 05:51:54Z INFO CommandSettings] Flag 'commit': 'False'
[2025-05-29 05:51:54Z INFO CommandSettings] Flag 'check': 'False'
[2025-05-29 05:51:54Z INFO CommandSettings] Command 'configure': 'True'
[2025-05-29 05:51:54Z INFO Terminal] WRITE LINE: 
[2025-05-29 05:51:54Z INFO Terminal] WRITE LINE: --------------------------------------------------------------------------------
[2025-05-29 05:51:54Z INFO Terminal] WRITE LINE: |        ____ _ _   _   _       _          _        _   _                      |
[2025-05-29 05:51:54Z INFO Terminal] WRITE LINE: |       / ___(_) |_| | | |_   _| |__      / \   ___| |_(_) ___  _ __  ___      |
[2025-05-29 05:51:54Z INFO Terminal] WRITE LINE: |      | |  _| | __| |_| | | | | '_ \    / _ \ / __| __| |/ _ \| '_ \/ __|     |
[2025-05-29 05:51:54Z INFO Terminal] WRITE LINE: |      | |_| | | |_|  _  | |_| | |_) |  / ___ \ (__| |_| | (_) | | | \__ \     |
[2025-05-29 05:51:54Z INFO Terminal] WRITE LINE: |       \____|_|\__|_| |_|\__,_|_.__/  /_/   \_\___|\__|_|\___/|_| |_|___/     |
[2025-05-29 05:51:54Z INFO Terminal] WRITE LINE: |                                                                              |
[2025-05-29 05:51:54Z INFO Terminal] WRITE: |                       
[2025-05-29 05:51:54Z INFO Terminal] WRITE: Self-hosted runner registration
[2025-05-29 05:51:54Z INFO Terminal] WRITE LINE:                         |
[2025-05-29 05:51:54Z INFO Terminal] WRITE LINE: |                                                                              |
[2025-05-29 05:51:54Z INFO Terminal] WRITE LINE: --------------------------------------------------------------------------------
[2025-05-29 05:51:54Z INFO ConfigurationManager] ConfigureAsync
[2025-05-29 05:51:54Z INFO CommandSettings] Flag 'generateServiceConfig': 'False'
[2025-05-29 05:51:54Z INFO ConfigurationStore] IsConfigured()
[2025-05-29 05:51:54Z INFO ConfigurationStore] IsConfigured: False
[2025-05-29 05:51:54Z INFO ConfigurationManager] Is configured: False
[2025-05-29 05:51:54Z INFO CommandSettings] Arg 'url': 'https://github.com/C-C-github'
[2025-05-29 05:51:54Z INFO CommandSettings] Remove url from Arg dictionary.
[2025-05-29 05:51:54Z INFO CommandSettings] Arg 'token': '***'
[2025-05-29 05:51:54Z INFO CommandSettings] Remove token from Arg dictionary.
[2025-05-29 05:51:55Z INFO ConfigurationManager] Http response code: OK from 'POST https://api.github.com/actions/runner-registration' (D016:3F5BB3:476AA:51BFC:6837F5FA)
[2025-05-29 05:51:55Z INFO ConfigurationManager] Using V2 flow: False
[2025-05-29 05:51:55Z INFO ConfigurationManager] cred retrieved via GitHub auth
[2025-05-29 05:51:55Z INFO RunnerServer] EstablishVssConnection
[2025-05-29 05:51:55Z INFO RunnerServer] Establish connection with 100 seconds timeout.
[2025-05-29 05:51:55Z INFO GitHubActionsService] Starting operation Location.GetConnectionData
[2025-05-29 05:51:55Z INFO RunnerServer] EstablishVssConnection
[2025-05-29 05:51:55Z INFO RunnerServer] Establish connection with 60 seconds timeout.
[2025-05-29 05:51:55Z INFO GitHubActionsService] Starting operation Location.GetConnectionData
[2025-05-29 05:51:55Z INFO RunnerServer] EstablishVssConnection
[2025-05-29 05:51:55Z INFO RunnerServer] Establish connection with 60 seconds timeout.
[2025-05-29 05:51:55Z INFO GitHubActionsService] Starting operation Location.GetConnectionData
[2025-05-29 05:51:57Z INFO GitHubActionsService] Finished operation Location.GetConnectionData
[2025-05-29 05:51:57Z INFO GitHubActionsService] Finished operation Location.GetConnectionData
[2025-05-29 05:51:57Z INFO GitHubActionsService] Finished operation Location.GetConnectionData
[2025-05-29 05:51:57Z INFO Terminal] WRITE LINE: 
[2025-05-29 05:51:57Z INFO ConfigurationManager] Test Connection complete.
[2025-05-29 05:51:57Z INFO HostContext] Well known directory 'Bin': 'D:\6th sem\training\DSA\python\actions-runner\bin'
[2025-05-29 05:51:57Z INFO HostContext] Well known directory 'Root': 'D:\6th sem\training\DSA\python\actions-runner'
[2025-05-29 05:51:57Z INFO HostContext] Well known config file 'RSACredentials': 'D:\6th sem\training\DSA\python\actions-runner\.credentials_rsaparams'
[2025-05-29 05:51:57Z INFO RSAEncryptedFileKeyManager] Creating new RSA key using 2048-bit key length
[2025-05-29 05:51:57Z INFO RSAEncryptedFileKeyManager] Successfully saved RSA key parameters to file D:\6th sem\training\DSA\python\actions-runner\.credentials_rsaparams
[2025-05-29 05:51:58Z INFO CommandSettings] Arg 'runnergroup': ''
[2025-05-29 05:51:58Z INFO CommandSettings] Flag 'unattended': 'False'
[2025-05-29 05:51:58Z INFO PromptManager] ReadValue
[2025-05-29 05:51:58Z INFO Terminal] WRITE: Enter the name of the runner group to add this runner to: 
[2025-05-29 05:51:58Z INFO Terminal] WRITE: [press Enter for Default] 
[2025-05-29 05:51:58Z INFO Terminal] READ LINE
[2025-05-29 05:52:18Z INFO Terminal] Read value: ''
[2025-05-29 05:52:18Z INFO PromptManager] Falling back to the default: 'Default'
[2025-05-29 05:52:18Z INFO Terminal] WRITE LINE: 
[2025-05-29 05:52:18Z INFO ConfigurationManager] Found a self-hosted runner group with id 1 and name Default
[2025-05-29 05:52:18Z INFO CommandSettings] Flag 'disableupdate': 'False'
[2025-05-29 05:52:18Z INFO CommandSettings] Flag 'ephemeral': 'False'
[2025-05-29 05:52:18Z INFO CommandSettings] Arg 'name': ''
[2025-05-29 05:52:18Z INFO CommandSettings] Flag 'unattended': 'False'
[2025-05-29 05:52:18Z INFO PromptManager] ReadValue
[2025-05-29 05:52:18Z INFO Terminal] WRITE: Enter the name of runner: 
[2025-05-29 05:52:18Z INFO Terminal] WRITE: [press Enter for DESKTOP-K63585F] 
[2025-05-29 05:52:18Z INFO Terminal] READ LINE
[2025-05-29 05:52:20Z INFO Terminal] Read value: ''
[2025-05-29 05:52:20Z INFO PromptManager] Falling back to the default: 'DESKTOP-K63585F'
[2025-05-29 05:52:20Z INFO Terminal] WRITE LINE: 
[2025-05-29 05:52:20Z INFO CommandSettings] Arg 'labels': ''
[2025-05-29 05:52:20Z INFO CommandSettings] Flag 'unattended': 'False'
[2025-05-29 05:52:20Z INFO PromptManager] ReadValue
[2025-05-29 05:52:20Z INFO Terminal] WRITE: This runner will have the following labels: 'self-hosted', 'Windows', 'X64' 
Enter any additional labels (ex. label-1,label-2): 
[2025-05-29 05:52:20Z INFO Terminal] WRITE: [press Enter to skip] 
[2025-05-29 05:52:20Z INFO Terminal] READ LINE
[2025-05-29 05:52:22Z INFO Terminal] Read value: ''
[2025-05-29 05:52:22Z INFO Terminal] WRITE LINE: 
[2025-05-29 05:52:22Z INFO CommandSettings] Flag 'disableupdate': 'False'
[2025-05-29 05:52:22Z INFO CommandSettings] Flag 'no-default-labels': 'False'
[2025-05-29 05:52:23Z INFO CommandSettings] Flag 'disableupdate': 'False'
[2025-05-29 05:52:23Z INFO CommandSettings] Flag 'ephemeral': 'False'
[2025-05-29 05:52:23Z INFO ConfigurationStore] Saving OAuth credential @ D:\6th sem\training\DSA\python\actions-runner\.credentials
[2025-05-29 05:52:23Z INFO ConfigurationStore] Credentials Saved.
[2025-05-29 05:52:23Z INFO ConfigurationStore] HasCredentials()
[2025-05-29 05:52:23Z INFO ConfigurationStore] stored True
[2025-05-29 05:52:23Z INFO CredentialManager] GetCredentialProvider
[2025-05-29 05:52:23Z INFO CredentialManager] Creating type OAuth
[2025-05-29 05:52:23Z INFO CredentialManager] Creating credential type: OAuth
[2025-05-29 05:52:23Z INFO RSAEncryptedFileKeyManager] Loading RSA key parameters from file D:\6th sem\training\DSA\python\actions-runner\.credentials_rsaparams
[2025-05-29 05:52:23Z INFO RunnerServer] EstablishVssConnection
[2025-05-29 05:52:23Z INFO RunnerServer] Establish connection with 100 seconds timeout.
[2025-05-29 05:52:23Z INFO GitHubActionsService] Starting operation Location.GetConnectionData
[2025-05-29 05:52:23Z INFO RunnerServer] EstablishVssConnection
[2025-05-29 05:52:23Z INFO RunnerServer] Establish connection with 60 seconds timeout.
[2025-05-29 05:52:23Z INFO GitHubActionsService] Starting operation Location.GetConnectionData
[2025-05-29 05:52:23Z INFO RunnerServer] EstablishVssConnection
[2025-05-29 05:52:23Z INFO RunnerServer] Establish connection with 60 seconds timeout.
[2025-05-29 05:52:23Z INFO GitHubActionsService] Starting operation Location.GetConnectionData
[2025-05-29 05:52:24Z INFO GitHubActionsService] Finished operation Location.GetConnectionData
[2025-05-29 05:52:24Z INFO GitHubActionsService] Finished operation Location.GetConnectionData
[2025-05-29 05:52:24Z INFO GitHubActionsService] Finished operation Location.GetConnectionData
[2025-05-29 05:52:24Z INFO RSAEncryptedFileKeyManager] Loading RSA key parameters from file D:\6th sem\training\DSA\python\actions-runner\.credentials_rsaparams
[2025-05-29 05:52:24Z INFO RSAEncryptedFileKeyManager] Loading RSA key parameters from file D:\6th sem\training\DSA\python\actions-runner\.credentials_rsaparams
[2025-05-29 05:52:26Z INFO GitHubActionsService] AAD Correlation ID for this token request: Unknown
[2025-05-29 05:52:26Z INFO CommandSettings] Arg 'work': ''
[2025-05-29 05:52:26Z INFO CommandSettings] Flag 'unattended': 'False'
[2025-05-29 05:52:26Z INFO PromptManager] ReadValue
[2025-05-29 05:52:26Z INFO Terminal] WRITE: Enter name of work folder: 
[2025-05-29 05:52:26Z INFO Terminal] WRITE: [press Enter for _work] 
[2025-05-29 05:52:26Z INFO Terminal] READ LINE
[2025-05-29 05:52:33Z INFO Terminal] Read value: ''
[2025-05-29 05:52:33Z INFO PromptManager] Falling back to the default: '_work'
[2025-05-29 05:52:33Z INFO ConfigurationStore] Saving runner settings.
[2025-05-29 05:52:33Z INFO ConfigurationStore] Settings Saved.
[2025-05-29 05:52:33Z INFO Terminal] WRITE LINE: 
[2025-05-29 05:52:33Z INFO Terminal] WRITE LINE: 
[2025-05-29 05:52:33Z INFO CommandSettings] Flag 'runasservice': 'False'
[2025-05-29 05:52:33Z INFO CommandSettings] Flag 'unattended': 'False'
[2025-05-29 05:52:33Z INFO PromptManager] ReadValue
[2025-05-29 05:52:33Z INFO Terminal] WRITE: Would you like to run the runner as service? (Y/N) 
[2025-05-29 05:52:33Z INFO Terminal] WRITE: [press Enter for N] 
[2025-05-29 05:52:33Z INFO Terminal] READ LINE
[2025-05-29 05:52:36Z INFO Terminal] Read value: 'y'
[2025-05-29 05:52:36Z INFO ConfigurationManager] Configuring to run the agent as service
[2025-05-29 05:52:36Z ERR  WindowsServiceControlManager] Needs Administrator privileges for configure runner as windows service.
[2025-05-29 05:52:36Z ERR  Runner] System.Security.SecurityException: Needs Administrator privileges for configuring runner as windows service.
   at GitHub.Runner.Listener.Configuration.WindowsServiceControlManager.ConfigureService(RunnerSettings settings, CommandSettings command)
   at GitHub.Runner.Listener.Configuration.ConfigurationManager.ConfigureAsync(CommandSettings command)
   at GitHub.Runner.Listener.Runner.ExecuteCommand(CommandSettings command)
[2025-05-29 05:52:36Z ERR  Terminal] WRITE ERROR: Needs Administrator privileges for configuring runner as windows service.
[2025-05-29 05:52:36Z INFO Listener] Runner execution has finished with return code 1
